Using pre-set license
Built from '2020.3/release' branch; Version is '2020.3.15f2 (6cf78cb77498) revision 7141260'; Using compiler version '192528614'; Build Type 'Release'
OS: 'Windows 10 Home; OS build 19043.1110; Version 2009; 64bit' Language: 'en' Physical Memory: 7985 MB
BatchMode: 1, IsHumanControllingUs: 0, StartBugReporterOnCrash: 0, Is64bit: 1, IsPro: 0

 COMMAND LINE ARGUMENTS:
D:\Unity\2020.3.15f2\Editor\Unity.exe
-adb2
-batchMode
-noUpm
-name
AssetImportWorker1
-projectPath
D:/Unity/Space-Game/Desktop/Games/Game Development/Space Dock
-logFile
Logs/AssetImportWorker1.log
-srvPort
61443
Successfully changed project path to: D:/Unity/Space-Game/Desktop/Games/Game Development/Space Dock
D:/Unity/Space-Game/Desktop/Games/Game Development/Space Dock
Using Asset Import Pipeline V2.
Refreshing native plugins compatible for Editor in 54.51 ms, found 2 plugins.
Preloading 0 native plugins for Editor in 0.00 ms.
Initialize engine version: 2020.3.15f2 (6cf78cb77498)
[Subsystems] Discovering subsystems at path D:/Unity/2020.3.15f2/Editor/Data/Resources/UnitySubsystems
[Subsystems] Discovering subsystems at path D:/Unity/Space-Game/Desktop/Games/Game Development/Space Dock/Assets
GfxDevice: creating device client; threaded=0
Direct3D:
    Version:  Direct3D 11.0 [level 11.1]
    Renderer: NVIDIA GeForce GTX 1650 (ID=0x1f99)
    Vendor:   
    VRAM:     3962 MB
    Driver:   27.21.14.6231
Initialize mono
Mono path[0] = 'D:/Unity/2020.3.15f2/Editor/Data/Managed'
Mono path[1] = 'D:/Unity/2020.3.15f2/Editor/Data/MonoBleedingEdge/lib/mono/unityjit'
Mono config path = 'D:/Unity/2020.3.15f2/Editor/Data/MonoBleedingEdge/etc'
Using monoOptions --debugger-agent=transport=dt_socket,embedding=1,server=y,suspend=n,address=127.0.0.1:56872
Begin MonoManager ReloadAssembly
Registering precompiled unity dll's ...
Register platform support module: D:/Unity/2020.3.15f2/Editor/Data/PlaybackEngines/WebGLSupport/UnityEditor.WebGL.Extensions.dll
Register platform support module: D:/Unity/2020.3.15f2/Editor/Data/PlaybackEngines/WindowsStandaloneSupport/UnityEditor.WindowsStandalone.Extensions.dll
Registered in 0.117277 seconds.
Native extension for WindowsStandalone target not found
Native extension for WebGL target not found
Refreshing native plugins compatible for Editor in 41.56 ms, found 2 plugins.
Preloading 0 native plugins for Editor in 0.00 ms.
Mono: successfully reloaded assembly
- Completed reload, in  3.443 seconds
Domain Reload Profiling:
	ReloadAssembly (3455ms)
		BeginReloadAssembly (53ms)
			ExecutionOrderSort (0ms)
			DisableScriptedObjects (0ms)
			BackupInstance (0ms)
			ReleaseScriptingObjects (0ms)
			CreateAndSetChildDomain (1ms)
		EndReloadAssembly (852ms)
			LoadAssemblies (58ms)
			RebuildTransferFunctionScriptingTraits (48ms)
			SetupTypeCache (135ms)
			ReleaseScriptCaches (0ms)
			RebuildScriptCaches (68ms)
			SetupLoadedEditorAssemblies (338ms)
				LogAssemblyErrors (0ms)
				InitializePlatformSupportModulesInManaged (24ms)
				SetLoadedEditorAssemblies (1ms)
				RefreshPlugins (42ms)
				BeforeProcessingInitializeOnLoad (10ms)
				ProcessInitializeOnLoadAttributes (209ms)
				ProcessInitializeOnLoadMethodAttributes (40ms)
				AfterProcessingInitializeOnLoad (0ms)
				EditorAssembliesLoaded (12ms)
			ExecutionOrderSort2 (0ms)
			AwakeInstancesAfterBackupRestoration (0ms)
Platform modules already initialized, skipping
Registering precompiled user dll's ...
Registered in 0.222503 seconds.
Begin MonoManager ReloadAssembly
Native extension for WindowsStandalone target not found
Native extension for WebGL target not found
Refreshing native plugins compatible for Editor in 0.64 ms, found 2 plugins.
Preloading 0 native plugins for Editor in 0.00 ms.
Mono: successfully reloaded assembly
- Completed reload, in  4.629 seconds
Domain Reload Profiling:
	ReloadAssembly (4668ms)
		BeginReloadAssembly (250ms)
			ExecutionOrderSort (23ms)
			DisableScriptedObjects (5ms)
			BackupInstance (0ms)
			ReleaseScriptingObjects (0ms)
			CreateAndSetChildDomain (38ms)
		EndReloadAssembly (4340ms)
			LoadAssemblies (3367ms)
			RebuildTransferFunctionScriptingTraits (0ms)
			SetupTypeCache (286ms)
			ReleaseScriptCaches (0ms)
			RebuildScriptCaches (48ms)
			SetupLoadedEditorAssemblies (565ms)
				LogAssemblyErrors (0ms)
				InitializePlatformSupportModulesInManaged (5ms)
				SetLoadedEditorAssemblies (0ms)
				RefreshPlugins (1ms)
				BeforeProcessingInitializeOnLoad (124ms)
				ProcessInitializeOnLoadAttributes (376ms)
				ProcessInitializeOnLoadMethodAttributes (57ms)
				AfterProcessingInitializeOnLoad (2ms)
				EditorAssembliesLoaded (0ms)
			ExecutionOrderSort2 (0ms)
			AwakeInstancesAfterBackupRestoration (6ms)
Platform modules already initialized, skipping
========================================================================
Worker process is ready to serve import requests
Launched and connected shader compiler UnityShaderCompiler.exe after 0.07 seconds
Refreshing native plugins compatible for Editor in 1.08 ms, found 2 plugins.
Preloading 0 native plugins for Editor in 0.00 ms.
Unloading 1974 Unused Serialized files (Serialized files now loaded: 0)
System memory in use before: 81.0 MB.
System memory in use after: 81.1 MB.

Unloading 58 unused Assets to reduce memory usage. Loaded Objects now: 2377.
Total: 5.213300 ms (FindLiveObjects: 0.226100 ms CreateObjectMapping: 0.096300 ms MarkObjects: 4.808800 ms  DeleteObjects: 0.080000 ms)

AssetImportParameters requested are different than current active one (requested -> active):
  custom:framework-win-MediaFoundation: 216162199b28c13a410421893ffa2e32 -> 
  custom:video-decoder-ogg-theora: a1e56fd34408186e4bbccfd4996cb3dc -> 
  custom:container-muxer-webm: aa71ff27fc2769a1b78a27578f13a17b -> 
  custom:container-demuxer-webm: 4f35f7cbe854078d1ac9338744f61a02 -> 
  custom:container-demuxer-ogg: 62fdf1f143b41e24485cea50d1cbac27 -> 
  custom:video-encoder-webm-vp8: eb34c28f22e8b96e1ab97ce403110664 -> 
  custom:video-codec-MediaFoundation-h265: 746d11721c4dcdbdad8f713fa42b33f4 -> 
  custom:video-decoder-webm-vp8: 9c59270c3fd7afecdb556c50c9e8de78 -> 
  custom:audio-decoder-ogg-vorbis: bf7c407c2cedff20999df2af8eb42d56 -> 
  custom:audio-encoder-webm-vorbis: bf7c407c2cedff20999df2af8eb42d56 -> 
========================================================================
Received Import Request.
  path: Assets/Prefabs/RailGunBullet.prefab
  artifactKey: Guid(3a8da4223ae76fe4d82d28605df2e841) Importer(815301076,1909f56bfc062723c751e8b465ee728b)
Start importing Assets/Prefabs/RailGunBullet.prefab using Guid(3a8da4223ae76fe4d82d28605df2e841) Importer(815301076,1909f56bfc062723c751e8b465ee728b)  -> (artifact id: 'a76f2e2834eeb62810bca11e8da642f2') in 1.112830 seconds 
  Import took 1.116374 seconds .

========================================================================
Received Import Request.
  Time since last request: 0.000282 seconds.
  path: Assets/Sprites/CrewmanPortrait1.png
  artifactKey: Guid(444b4ab38d08611469942020ef9939a6) Importer(815301076,1909f56bfc062723c751e8b465ee728b)
Start importing Assets/Sprites/CrewmanPortrait1.png using Guid(444b4ab38d08611469942020ef9939a6) Importer(815301076,1909f56bfc062723c751e8b465ee728b)  -> (artifact id: '2250c94507d5178ba7936e431cb59cfb') in 0.426693 seconds 
  Import took 0.429479 seconds .

========================================================================
Received Import Request.
  Time since last request: 0.000347 seconds.
  path: Assets/Sprites/Andronicus.png
  artifactKey: Guid(565073cd9b9f3c24f98b77658a707cfe) Importer(815301076,1909f56bfc062723c751e8b465ee728b)
Start importing Assets/Sprites/Andronicus.png using Guid(565073cd9b9f3c24f98b77658a707cfe) Importer(815301076,1909f56bfc062723c751e8b465ee728b)  -> (artifact id: 'f9f80091e55fe374dcbe4f80fda3fc6e') in 0.049345 seconds 
  Import took 0.052921 seconds .

========================================================================
Received Import Request.
  Time since last request: 0.000230 seconds.
  path: Assets/Sprites/Sirocco.png
  artifactKey: Guid(701ccbc086049b14285dedab4feffa5f) Importer(815301076,1909f56bfc062723c751e8b465ee728b)
Start importing Assets/Sprites/Sirocco.png using Guid(701ccbc086049b14285dedab4feffa5f) Importer(815301076,1909f56bfc062723c751e8b465ee728b)  -> (artifact id: 'bdb4d980eeb89c945d8b3d1decd2847b') in 0.102390 seconds 
  Import took 0.105683 seconds .

========================================================================
Received Import Request.
  Time since last request: 0.000260 seconds.
  path: Assets/Prefabs/TrumanExplosion.prefab
  artifactKey: Guid(d2453f823caa7e04d825856cd221e9bd) Importer(815301076,1909f56bfc062723c751e8b465ee728b)
Start importing Assets/Prefabs/TrumanExplosion.prefab using Guid(d2453f823caa7e04d825856cd221e9bd) Importer(815301076,1909f56bfc062723c751e8b465ee728b)  -> (artifact id: 'e32ddee00033ad02d6768edc7bbfe675') in 0.142463 seconds 
  Import took 0.145552 seconds .

========================================================================
Received Import Request.
  Time since last request: 0.000306 seconds.
  path: Assets/Prefabs/HostileMurphyShip.prefab
  artifactKey: Guid(bb5014ab18169a34db59489af3af3ee2) Importer(815301076,1909f56bfc062723c751e8b465ee728b)
Start importing Assets/Prefabs/HostileMurphyShip.prefab using Guid(bb5014ab18169a34db59489af3af3ee2) Importer(815301076,1909f56bfc062723c751e8b465ee728b)  -> (artifact id: 'f8f0c416ef14c26fc6e3a090369acdbf') in 0.261377 seconds 
  Import took 0.265364 seconds .

========================================================================
Received Import Request.
  Time since last request: 0.000216 seconds.
  path: Assets/Sound Effects/SciFiGunShot.mp3
  artifactKey: Guid(f31b85842c67b8443bd581999f8e1484) Importer(815301076,1909f56bfc062723c751e8b465ee728b)
Start importing Assets/Sound Effects/SciFiGunShot.mp3 using Guid(f31b85842c67b8443bd581999f8e1484) Importer(815301076,1909f56bfc062723c751e8b465ee728b)  -> (artifact id: '8026472a437375106f13a1e47947addf') in 0.406645 seconds 
  Import took 0.409791 seconds .

========================================================================
Received Import Request.
  Time since last request: 0.000273 seconds.
  path: Assets/Sound Effects/SuppressedGunShot.mp3
  artifactKey: Guid(32defeee30fcf3b43baeec65e9bb0906) Importer(815301076,1909f56bfc062723c751e8b465ee728b)
Start importing Assets/Sound Effects/SuppressedGunShot.mp3 using Guid(32defeee30fcf3b43baeec65e9bb0906) Importer(815301076,1909f56bfc062723c751e8b465ee728b)  -> (artifact id: 'f3ac274503b6310e7441841ab6e9edfe') in 0.018521 seconds 
  Import took 0.022455 seconds .

========================================================================
Received Import Request.
  Time since last request: 0.000283 seconds.
  path: Assets/Prefabs/ASPIcon.prefab
  artifactKey: Guid(24d2409eeff2c1546beecac6ec485f12) Importer(815301076,1909f56bfc062723c751e8b465ee728b)
Start importing Assets/Prefabs/ASPIcon.prefab using Guid(24d2409eeff2c1546beecac6ec485f12) Importer(815301076,1909f56bfc062723c751e8b465ee728b)  -> (artifact id: '42d181784cc10e569e02704a837996ec') in 0.046916 seconds 
  Import took 0.052059 seconds .

========================================================================
Received Import Request.
  Time since last request: 0.000295 seconds.
  path: Assets/Prefabs/MurphyIcon.prefab
  artifactKey: Guid(80bacf8700d913445b20d777324b56d6) Importer(815301076,1909f56bfc062723c751e8b465ee728b)
Start importing Assets/Prefabs/MurphyIcon.prefab using Guid(80bacf8700d913445b20d777324b56d6) Importer(815301076,1909f56bfc062723c751e8b465ee728b)  -> (artifact id: 'b7a63b130a442faa0ce6a3115ec837ad') in 0.038905 seconds 
  Import took 0.044401 seconds .

========================================================================
Received Import Request.
  Time since last request: 0.000259 seconds.
  path: Assets/Fonts/DS-DIGIT.TTF
  artifactKey: Guid(ffa7678fa5c5b7d47a54a3fa84474fff) Importer(815301076,1909f56bfc062723c751e8b465ee728b)
Start importing Assets/Fonts/DS-DIGIT.TTF using Guid(ffa7678fa5c5b7d47a54a3fa84474fff) Importer(815301076,1909f56bfc062723c751e8b465ee728b)  -> (artifact id: 'f467653c7026974186b85dc276fde953') in 0.297368 seconds 
  Import took 0.302497 seconds .

========================================================================
Received Import Request.
  Time since last request: 0.000298 seconds.
  path: Assets/Sound Effects/MissileLaunch.mp3
  artifactKey: Guid(f57d1709d5f91e74e9f6c10fc39e8ff7) Importer(815301076,1909f56bfc062723c751e8b465ee728b)
Start importing Assets/Sound Effects/MissileLaunch.mp3 using Guid(f57d1709d5f91e74e9f6c10fc39e8ff7) Importer(815301076,1909f56bfc062723c751e8b465ee728b)  -> (artifact id: 'b9addad65ea18b45b1947e527c560722') in 0.017373 seconds 
  Import took 0.020394 seconds .

========================================================================
Received Import Request.
  Time since last request: 0.000253 seconds.
  path: Assets/Prefabs/HostileMulanShip.prefab
  artifactKey: Guid(7275b725f7e765f469079055c55f0616) Importer(815301076,1909f56bfc062723c751e8b465ee728b)
Start importing Assets/Prefabs/HostileMulanShip.prefab using Guid(7275b725f7e765f469079055c55f0616) Importer(815301076,1909f56bfc062723c751e8b465ee728b)  -> (artifact id: '4d1289d2b86c84a1cd8760417a3d51f9') in 0.033855 seconds 
  Import took 0.039150 seconds .

========================================================================
Received Import Request.
  Time since last request: 0.000228 seconds.
  path: Assets/Prefabs/ASPExplosion.prefab
  artifactKey: Guid(bdacd0f6d08532f4b8f7396b6c6c1ec6) Importer(815301076,1909f56bfc062723c751e8b465ee728b)
Start importing Assets/Prefabs/ASPExplosion.prefab using Guid(bdacd0f6d08532f4b8f7396b6c6c1ec6) Importer(815301076,1909f56bfc062723c751e8b465ee728b)  -> (artifact id: '76ab6525bc49fd7ea1c78e524abe1bed') in 0.018195 seconds 
  Import took 0.021368 seconds .

========================================================================
Received Import Request.
  Time since last request: 0.000311 seconds.
  path: Assets/Prefabs/AndronicusExplosion.prefab
  artifactKey: Guid(a1f31dd95c00cce4ea34f12f81fbc6c2) Importer(815301076,1909f56bfc062723c751e8b465ee728b)
Start importing Assets/Prefabs/AndronicusExplosion.prefab using Guid(a1f31dd95c00cce4ea34f12f81fbc6c2) Importer(815301076,1909f56bfc062723c751e8b465ee728b)  -> (artifact id: 'dc727fd92fbdc493cfefcb997c9313cb') in 0.017009 seconds 
  Import took 0.021389 seconds .

========================================================================
Received Import Request.
  Time since last request: 0.000239 seconds.
  path: Assets/Prefabs/LeonidasExplosion.prefab
  artifactKey: Guid(4d13d12cc0e269a41abdb59bdaea7022) Importer(815301076,1909f56bfc062723c751e8b465ee728b)
Start importing Assets/Prefabs/LeonidasExplosion.prefab using Guid(4d13d12cc0e269a41abdb59bdaea7022) Importer(815301076,1909f56bfc062723c751e8b465ee728b)  -> (artifact id: '8e2eeec6f2c20864048959f1011ffae9') in 0.016230 seconds 
  Import took 0.019594 seconds .

========================================================================
Received Import Request.
  Time since last request: 0.000195 seconds.
  path: Assets/Fonts/DS-DIGII.TTF
  artifactKey: Guid(04a69841d3e53614c8e70ca52a13aaf4) Importer(815301076,1909f56bfc062723c751e8b465ee728b)
Start importing Assets/Fonts/DS-DIGII.TTF using Guid(04a69841d3e53614c8e70ca52a13aaf4) Importer(815301076,1909f56bfc062723c751e8b465ee728b)  -> (artifact id: '4415d7cf90034a611ba320061af1110f') in 0.046459 seconds 
  Import took 0.049063 seconds .

========================================================================
Received Import Request.
  Time since last request: 0.000200 seconds.
  path: Assets/Prefabs/AIBullet.prefab
  artifactKey: Guid(c5ff733c9589c6848b5a59af3028a333) Importer(815301076,1909f56bfc062723c751e8b465ee728b)
Start importing Assets/Prefabs/AIBullet.prefab using Guid(c5ff733c9589c6848b5a59af3028a333) Importer(815301076,1909f56bfc062723c751e8b465ee728b)  -> (artifact id: 'f3892a7010a4cdc43fbdb953de4e3a53') in 0.018675 seconds 
  Import took 0.021492 seconds .

========================================================================
Received Import Request.
  Time since last request: 0.000188 seconds.
  path: Assets/Prefabs/DonnagerIcon.prefab
  artifactKey: Guid(9d1e44ccde3bcf54da41aae65c794d13) Importer(815301076,1909f56bfc062723c751e8b465ee728b)
Start importing Assets/Prefabs/DonnagerIcon.prefab using Guid(9d1e44ccde3bcf54da41aae65c794d13) Importer(815301076,1909f56bfc062723c751e8b465ee728b)  -> (artifact id: '8b9bb67eb54f097a79e31dca0699a017') in 0.031846 seconds 
  Import took 0.036649 seconds .

========================================================================
Received Import Request.
  Time since last request: 0.000382 seconds.
  path: Assets/Prefabs/HostileSiroccoShip.prefab
  artifactKey: Guid(da08ff284b202404b9330fe25367ab8c) Importer(815301076,1909f56bfc062723c751e8b465ee728b)
Start importing Assets/Prefabs/HostileSiroccoShip.prefab using Guid(da08ff284b202404b9330fe25367ab8c) Importer(815301076,1909f56bfc062723c751e8b465ee728b)  -> (artifact id: 'ee3b5e1146e45529a4c1e1603deb8a84') in 0.040146 seconds 
  Import took 0.044330 seconds .

========================================================================
Received Import Request.
  Time since last request: 0.000190 seconds.
  path: Assets/Prefabs/RCSExhaust.prefab
  artifactKey: Guid(ff59f2323b311f04ca44eae453963ef6) Importer(815301076,1909f56bfc062723c751e8b465ee728b)
Start importing Assets/Prefabs/RCSExhaust.prefab using Guid(ff59f2323b311f04ca44eae453963ef6) Importer(815301076,1909f56bfc062723c751e8b465ee728b)  -> (artifact id: 'b199a8744002c0c1db400cadc2201315') in 0.017339 seconds 
  Import took 0.020142 seconds .

========================================================================
Received Import Request.
  Time since last request: 0.000231 seconds.
  path: Assets/Prefabs/Contact.prefab
  artifactKey: Guid(23751ae28accc134fbd78fcaa2728dbd) Importer(815301076,1909f56bfc062723c751e8b465ee728b)
Start importing Assets/Prefabs/Contact.prefab using Guid(23751ae28accc134fbd78fcaa2728dbd) Importer(815301076,1909f56bfc062723c751e8b465ee728b)  -> (artifact id: 'd15dc0c095ce6562d9ef4453ba63d6ba') in 0.010755 seconds 
  Import took 0.014330 seconds .

========================================================================
Received Import Request.
  Time since last request: 0.000212 seconds.
  path: Assets/Sprites/PDCModule.png
  artifactKey: Guid(e9551612e0cfdae48a78c675680ba083) Importer(815301076,1909f56bfc062723c751e8b465ee728b)
Start importing Assets/Sprites/PDCModule.png using Guid(e9551612e0cfdae48a78c675680ba083) Importer(815301076,1909f56bfc062723c751e8b465ee728b)  -> (artifact id: '511cfc58d1f1b9e5ccb87c6741b382de') in 0.023722 seconds 
  Import took 0.026577 seconds .

========================================================================
Received Import Request.
  Time since last request: 0.000241 seconds.
  path: Assets/Sprites/CCWRCSSprite.png
  artifactKey: Guid(cb6af10d2494bff43bb63aa5f57bd290) Importer(815301076,1909f56bfc062723c751e8b465ee728b)
Start importing Assets/Sprites/CCWRCSSprite.png using Guid(cb6af10d2494bff43bb63aa5f57bd290) Importer(815301076,1909f56bfc062723c751e8b465ee728b)  -> (artifact id: 'f190abad1c954d89bd5d4f59e55af9b0') in 0.019246 seconds 
  Import took 0.031347 seconds .

========================================================================
Received Import Request.
  Time since last request: 0.000195 seconds.
  path: Assets/Prefabs/MorriganExplosion.prefab
  artifactKey: Guid(098429a4e186f61499f428a15ab2926e) Importer(815301076,1909f56bfc062723c751e8b465ee728b)
Start importing Assets/Prefabs/MorriganExplosion.prefab using Guid(098429a4e186f61499f428a15ab2926e) Importer(815301076,1909f56bfc062723c751e8b465ee728b)  -> (artifact id: '66d090bc4c07c7bd1ff0e76494abcb55') in 0.017927 seconds 
  Import took 0.020557 seconds .

========================================================================
Received Import Request.
  Time since last request: 0.000186 seconds.
  path: Assets/Sprites/g1951.png
  artifactKey: Guid(0a38b8617ded116439dfb130b597cfee) Importer(815301076,1909f56bfc062723c751e8b465ee728b)
Start importing Assets/Sprites/g1951.png using Guid(0a38b8617ded116439dfb130b597cfee) Importer(815301076,1909f56bfc062723c751e8b465ee728b)  -> (artifact id: '59de6c419e625725161af2560e782931') in 0.019859 seconds 
  Import took 0.022856 seconds .

========================================================================
Received Import Request.
  Time since last request: 0.000227 seconds.
  path: Assets/Sprites/g1452.png
  artifactKey: Guid(6fe1a72976798be428a839bc7db65da2) Importer(815301076,1909f56bfc062723c751e8b465ee728b)
Start importing Assets/Sprites/g1452.png using Guid(6fe1a72976798be428a839bc7db65da2) Importer(815301076,1909f56bfc062723c751e8b465ee728b)  -> (artifact id: 'f321cdba5ea4e606c13f9570d7fc9b02') in 0.020288 seconds 
  Import took 0.023542 seconds .

========================================================================
Received Import Request.
  Time since last request: 0.000194 seconds.
  path: Assets/Sprites/Murphy.png
  artifactKey: Guid(cff7f34c35909194cb1875c13e75ae8e) Importer(815301076,1909f56bfc062723c751e8b465ee728b)
Start importing Assets/Sprites/Murphy.png using Guid(cff7f34c35909194cb1875c13e75ae8e) Importer(815301076,1909f56bfc062723c751e8b465ee728b)  -> (artifact id: '1114424676bc0d55b6bea77af3ffee3e') in 0.019994 seconds 
  Import took 0.022846 seconds .

========================================================================
Received Import Request.
  Time since last request: 0.000208 seconds.
  path: Assets/Prefabs/HostileMorriganShip.prefab
  artifactKey: Guid(cc522f3af9ef9fa4db9ece424f0ede4e) Importer(815301076,1909f56bfc062723c751e8b465ee728b)
Start importing Assets/Prefabs/HostileMorriganShip.prefab using Guid(cc522f3af9ef9fa4db9ece424f0ede4e) Importer(815301076,1909f56bfc062723c751e8b465ee728b)  -> (artifact id: '05cfe0900594960d76bf3c29e83fb925') in 0.034703 seconds 
  Import took 0.038518 seconds .

========================================================================
Received Import Request.
  Time since last request: 0.000213 seconds.
  path: Assets/Sprites/ASP.png
  artifactKey: Guid(b15f24e9fc134264e90edf06c4554493) Importer(815301076,1909f56bfc062723c751e8b465ee728b)
Start importing Assets/Sprites/ASP.png using Guid(b15f24e9fc134264e90edf06c4554493) Importer(815301076,1909f56bfc062723c751e8b465ee728b)  -> (artifact id: '2338e023be9dcf74145ac56cc1c1a687') in 0.017150 seconds 
  Import took 0.020572 seconds .

========================================================================
Received Import Request.
  Time since last request: 0.000264 seconds.
  path: Assets/Prefabs/SiroccoIcon.prefab
  artifactKey: Guid(df3a3eaadb874074994ccf0543f9a7e9) Importer(815301076,1909f56bfc062723c751e8b465ee728b)
Start importing Assets/Prefabs/SiroccoIcon.prefab using Guid(df3a3eaadb874074994ccf0543f9a7e9) Importer(815301076,1909f56bfc062723c751e8b465ee728b)  -> (artifact id: '38442d626f6e19179a5df1b1de92f085') in 0.034999 seconds 
  Import took 0.039307 seconds .

========================================================================
Received Import Request.
  Time since last request: 0.000194 seconds.
  path: Assets/Sound Effects/BulletImpact1.mp3
  artifactKey: Guid(0263ac66d3e38df46a27d4c30afa762e) Importer(815301076,1909f56bfc062723c751e8b465ee728b)
Start importing Assets/Sound Effects/BulletImpact1.mp3 using Guid(0263ac66d3e38df46a27d4c30afa762e) Importer(815301076,1909f56bfc062723c751e8b465ee728b)  -> (artifact id: '0cf342d7ad26f9178d8536934babb4be') in 0.014761 seconds 
  Import took 0.017703 seconds .

========================================================================
Received Import Request.
  Time since last request: 0.000569 seconds.
  path: Assets/Sound Effects/BulletImpact2.mp3
  artifactKey: Guid(abe86e84212c9a841bccbe8edd79fc88) Importer(815301076,1909f56bfc062723c751e8b465ee728b)
Start importing Assets/Sound Effects/BulletImpact2.mp3 using Guid(abe86e84212c9a841bccbe8edd79fc88) Importer(815301076,1909f56bfc062723c751e8b465ee728b)  -> (artifact id: 'c1323fa6b010bfe5ebe169f37b905476') in 0.018792 seconds 
  Import took 0.021844 seconds .

========================================================================
Received Import Request.
  Time since last request: 0.000189 seconds.
  path: Assets/Sprites/Truman.png
  artifactKey: Guid(66d91d8d52af87c4ca80e9ddaffe8a7b) Importer(815301076,1909f56bfc062723c751e8b465ee728b)
Start importing Assets/Sprites/Truman.png using Guid(66d91d8d52af87c4ca80e9ddaffe8a7b) Importer(815301076,1909f56bfc062723c751e8b465ee728b)  -> (artifact id: '0754b878189f79068caf318d4ec91c14') in 0.021187 seconds 
  Import took 0.023904 seconds .

========================================================================
Received Import Request.
  Time since last request: 0.000238 seconds.
  path: Assets/Sprites/MainDriveModule.png
  artifactKey: Guid(49239e78588dc134c9a0ca6126f8789b) Importer(815301076,1909f56bfc062723c751e8b465ee728b)
Start importing Assets/Sprites/MainDriveModule.png using Guid(49239e78588dc134c9a0ca6126f8789b) Importer(815301076,1909f56bfc062723c751e8b465ee728b)  -> (artifact id: '3c3c74a71b5174d2be034609db66aeee') in 0.023630 seconds 
  Import took 0.026718 seconds .

========================================================================
Received Import Request.
  Time since last request: 0.000194 seconds.
  path: Assets/Fonts/DS-DIGI.TTF
  artifactKey: Guid(8e52dbaa570d6f14c9fc75ec89537cd0) Importer(815301076,1909f56bfc062723c751e8b465ee728b)
Start importing Assets/Fonts/DS-DIGI.TTF using Guid(8e52dbaa570d6f14c9fc75ec89537cd0) Importer(815301076,1909f56bfc062723c751e8b465ee728b)  -> (artifact id: '399e4749992b6d1c2f3f3f9c3894744b') in 0.019176 seconds 
  Import took 0.022059 seconds .

========================================================================
Received Import Request.
  Time since last request: 0.000189 seconds.
  path: Assets/Sound Effects/ThrusterSound.mp3
  artifactKey: Guid(62f5f81a1b7d4ef4b8a7b232b40b8350) Importer(815301076,1909f56bfc062723c751e8b465ee728b)
Start importing Assets/Sound Effects/ThrusterSound.mp3 using Guid(62f5f81a1b7d4ef4b8a7b232b40b8350) Importer(815301076,1909f56bfc062723c751e8b465ee728b)  -> (artifact id: '80d7d509e79b426e9e66a305794388ec') in 0.015424 seconds 
  Import took 0.018437 seconds .

========================================================================
Received Import Request.
  Time since last request: 0.000557 seconds.
  path: Assets/Prefabs/TorpedoExplosionLight.prefab
  artifactKey: Guid(007bff0e71f6a154ebc6d466881029fc) Importer(815301076,1909f56bfc062723c751e8b465ee728b)
Start importing Assets/Prefabs/TorpedoExplosionLight.prefab using Guid(007bff0e71f6a154ebc6d466881029fc) Importer(815301076,1909f56bfc062723c751e8b465ee728b)  -> (artifact id: 'd1c6af8478988916b1cb603d44c05488') in 0.011062 seconds 
  Import took 0.014711 seconds .

========================================================================
Received Import Request.
  Time since last request: 0.000218 seconds.
  path: Assets/Prefabs/TrumanIcon.prefab
  artifactKey: Guid(139ff87ae8e22574d8330cd4535e95c2) Importer(815301076,1909f56bfc062723c751e8b465ee728b)
Start importing Assets/Prefabs/TrumanIcon.prefab using Guid(139ff87ae8e22574d8330cd4535e95c2) Importer(815301076,1909f56bfc062723c751e8b465ee728b)  -> (artifact id: '457f0a3ec9464570dfcff9f6cfac388a') in 0.035872 seconds 
  Import took 0.040914 seconds .

========================================================================
Received Import Request.
  Time since last request: 0.000290 seconds.
  path: Assets/Sprites/FuzzyScreen.jpg
  artifactKey: Guid(04d0b30356a376545904effa8776488a) Importer(815301076,1909f56bfc062723c751e8b465ee728b)
Start importing Assets/Sprites/FuzzyScreen.jpg using Guid(04d0b30356a376545904effa8776488a) Importer(815301076,1909f56bfc062723c751e8b465ee728b)  -> (artifact id: 'ce3446f92a542169a6efac82facce9a2') in 0.024974 seconds 
  Import took 0.027998 seconds .

========================================================================
Received Import Request.
  Time since last request: 0.000226 seconds.
  path: Assets/Sound Effects/RCSSound.mp3
  artifactKey: Guid(f0f710ea037fa12428d240b1e20cb786) Importer(815301076,1909f56bfc062723c751e8b465ee728b)
Start importing Assets/Sound Effects/RCSSound.mp3 using Guid(f0f710ea037fa12428d240b1e20cb786) Importer(815301076,1909f56bfc062723c751e8b465ee728b)  -> (artifact id: 'ffeb78040ae0aa8aa266512c52fed21d') in 0.016715 seconds 
  Import took 0.020373 seconds .

========================================================================
Received Import Request.
  Time since last request: 0.000269 seconds.
  path: Assets/Prefabs/GasCloudIcon.prefab
  artifactKey: Guid(b2d938ff99514ff4594a89933b16996d) Importer(815301076,1909f56bfc062723c751e8b465ee728b)
Start importing Assets/Prefabs/GasCloudIcon.prefab using Guid(b2d938ff99514ff4594a89933b16996d) Importer(815301076,1909f56bfc062723c751e8b465ee728b)  -> (artifact id: '05dfcc1a3f16b0f6c13ed8eca30865a7') in 0.011883 seconds 
  Import took 0.025687 seconds .

========================================================================
Received Import Request.
  Time since last request: 0.000223 seconds.
  path: Assets/Prefabs/HostileASPShip.prefab
  artifactKey: Guid(46cf48cbf567f8040b0ca53bbc3db85a) Importer(815301076,1909f56bfc062723c751e8b465ee728b)
Start importing Assets/Prefabs/HostileASPShip.prefab using Guid(46cf48cbf567f8040b0ca53bbc3db85a) Importer(815301076,1909f56bfc062723c751e8b465ee728b)  -> (artifact id: '21ec1be2bd5487efda0fb1bd3d818d73') in 0.161779 seconds 
  Import took 0.165404 seconds .

========================================================================
Received Import Request.
  Time since last request: 0.000243 seconds.
  path: Assets/Prefabs/AITorpedo.prefab
  artifactKey: Guid(71efbe18825a4774a81197992eef1d31) Importer(815301076,1909f56bfc062723c751e8b465ee728b)
Start importing Assets/Prefabs/AITorpedo.prefab using Guid(71efbe18825a4774a81197992eef1d31) Importer(815301076,1909f56bfc062723c751e8b465ee728b)  -> (artifact id: '1c96057756cf1c8d9807876d5a5b96b1') in 0.063653 seconds 
  Import took 0.067293 seconds .

========================================================================
Received Import Request.
  Time since last request: 0.000315 seconds.
  path: Assets/Prefabs/PlayerShipTachi.prefab
  artifactKey: Guid(0114501b01729284f84aff41ff00f11f) Importer(815301076,1909f56bfc062723c751e8b465ee728b)
Start importing Assets/Prefabs/PlayerShipTachi.prefab using Guid(0114501b01729284f84aff41ff00f11f) Importer(815301076,1909f56bfc062723c751e8b465ee728b)  -> (artifact id: '6b413532771ff24266ee0d03cfffd734') in 0.042210 seconds 
  Import took 0.046357 seconds .

========================================================================
Received Import Request.
  Time since last request: 0.000279 seconds.
  path: Assets/Fonts/DS-DIGIB.TTF
  artifactKey: Guid(daa2b38805f7723458320767039381ff) Importer(815301076,1909f56bfc062723c751e8b465ee728b)
Start importing Assets/Fonts/DS-DIGIB.TTF using Guid(daa2b38805f7723458320767039381ff) Importer(815301076,1909f56bfc062723c751e8b465ee728b)  -> (artifact id: '3ebe38aef97f38b46e377b80265b5ae2') in 0.115924 seconds 
  Import took 0.119134 seconds .

========================================================================
Received Import Request.
  Time since last request: 0.000275 seconds.
  path: Assets/Prefabs/HostileTrumanShip.prefab
  artifactKey: Guid(5dddd78db809d384f8a35708b9fa1e7f) Importer(815301076,1909f56bfc062723c751e8b465ee728b)
Start importing Assets/Prefabs/HostileTrumanShip.prefab using Guid(5dddd78db809d384f8a35708b9fa1e7f) Importer(815301076,1909f56bfc062723c751e8b465ee728b)  -> (artifact id: 'f637cc9e79179cdbadc90fdf0154ad40') in 0.042188 seconds 
  Import took 0.047525 seconds .

========================================================================
Received Import Request.
  Time since last request: 0.000303 seconds.
  path: Assets/Prefabs/DonnagerExplosion.prefab
  artifactKey: Guid(30f17fe0b26e5a14395ee5fd7ebbfe97) Importer(815301076,1909f56bfc062723c751e8b465ee728b)
Start importing Assets/Prefabs/DonnagerExplosion.prefab using Guid(30f17fe0b26e5a14395ee5fd7ebbfe97) Importer(815301076,1909f56bfc062723c751e8b465ee728b)  -> (artifact id: '6fbd8309048b2e881d2bf9f2684ae5a1') in 0.016742 seconds 
  Import took 0.020148 seconds .

========================================================================
Received Import Request.
  Time since last request: 0.000231 seconds.
  path: Assets/Prefabs/StealthCloudPlayerStuffLayer.prefab
  artifactKey: Guid(1dfb60faa1f4d3b479b17860ee704271) Importer(815301076,1909f56bfc062723c751e8b465ee728b)
Start importing Assets/Prefabs/StealthCloudPlayerStuffLayer.prefab using Guid(1dfb60faa1f4d3b479b17860ee704271) Importer(815301076,1909f56bfc062723c751e8b465ee728b)  -> (artifact id: '2d9c190b6f3dc052be3e249ec73b72dd') in 0.018682 seconds 
  Import took 0.023242 seconds .

========================================================================
Received Import Request.
  Time since last request: 0.000240 seconds.
  path: Assets/Prefabs/MorriganIcon.prefab
  artifactKey: Guid(0feecb50524e5344ca59e8592186961e) Importer(815301076,1909f56bfc062723c751e8b465ee728b)
Start importing Assets/Prefabs/MorriganIcon.prefab using Guid(0feecb50524e5344ca59e8592186961e) Importer(815301076,1909f56bfc062723c751e8b465ee728b)  -> (artifact id: '86ddb5be051bb5233e6ff2d898aa1d6e') in 0.028360 seconds 
  Import took 0.033661 seconds .

========================================================================
Received Import Request.
  Time since last request: 0.000251 seconds.
  path: Assets/Prefabs/MulanIcon.prefab
  artifactKey: Guid(26d481573b8d33146be83c3f6f4b7b86) Importer(815301076,1909f56bfc062723c751e8b465ee728b)
Start importing Assets/Prefabs/MulanIcon.prefab using Guid(26d481573b8d33146be83c3f6f4b7b86) Importer(815301076,1909f56bfc062723c751e8b465ee728b)  -> (artifact id: 'c49e8ec67deb3448f15d8d85e5949c14') in 0.027001 seconds 
  Import took 0.032514 seconds .

========================================================================
Received Import Request.
  Time since last request: 0.000294 seconds.
  path: Assets/Prefabs/HostileAndronicusShip.prefab
  artifactKey: Guid(b033ad0157221a04c962e6d790d591ba) Importer(815301076,1909f56bfc062723c751e8b465ee728b)
Start importing Assets/Prefabs/HostileAndronicusShip.prefab using Guid(b033ad0157221a04c962e6d790d591ba) Importer(815301076,1909f56bfc062723c751e8b465ee728b)  -> (artifact id: 'c37692391ed11fc5eae68290913ff1a9') in 0.085710 seconds 
  Import took 0.091541 seconds .

========================================================================
Received Import Request.
  Time since last request: 0.000247 seconds.
  path: Assets/Sprites/tachi.png
  artifactKey: Guid(2407d59662b149d4dbb87bb62aae0135) Importer(815301076,1909f56bfc062723c751e8b465ee728b)
Start importing Assets/Sprites/tachi.png using Guid(2407d59662b149d4dbb87bb62aae0135) Importer(815301076,1909f56bfc062723c751e8b465ee728b)  -> (artifact id: 'c7d0716581cc05174191a59b7aadffad') in 0.019719 seconds 
  Import took 0.033729 seconds .

========================================================================
Received Import Request.
  Time since last request: 0.000234 seconds.
  path: Assets/Prefabs/PlayerBullet.prefab
  artifactKey: Guid(704d78cb6d3c59c4e97e8f4fa669953e) Importer(815301076,1909f56bfc062723c751e8b465ee728b)
Start importing Assets/Prefabs/PlayerBullet.prefab using Guid(704d78cb6d3c59c4e97e8f4fa669953e) Importer(815301076,1909f56bfc062723c751e8b465ee728b)  -> (artifact id: 'e05979ba7ebedc59c2d17c062147732f') in 0.020008 seconds 
  Import took 0.024490 seconds .

========================================================================
Received Import Request.
  Time since last request: 0.000231 seconds.
  path: Assets/Prefabs/BulletSpark.prefab
  artifactKey: Guid(89ea7c39d7a4f73408820feea59269bb) Importer(815301076,1909f56bfc062723c751e8b465ee728b)
Start importing Assets/Prefabs/BulletSpark.prefab using Guid(89ea7c39d7a4f73408820feea59269bb) Importer(815301076,1909f56bfc062723c751e8b465ee728b)  -> (artifact id: '03e5d1b2b75e6de0587073c8c5b4d867') in 0.015328 seconds 
  Import took 0.018370 seconds .

========================================================================
Received Import Request.
  Time since last request: 0.000348 seconds.
  path: Assets/Sprites/bullet.png
  artifactKey: Guid(54c99ba566d0d2b459ca067e0d53ec9f) Importer(815301076,1909f56bfc062723c751e8b465ee728b)
Start importing Assets/Sprites/bullet.png using Guid(54c99ba566d0d2b459ca067e0d53ec9f) Importer(815301076,1909f56bfc062723c751e8b465ee728b)  -> (artifact id: 'ce476d186410530e4b0a4633d4fe1f5c') in 0.017906 seconds 
  Import took 0.021353 seconds .

========================================================================
Received Import Request.
  Time since last request: 0.000458 seconds.
  path: Assets/Sound Effects/SensorPing.mp3
  artifactKey: Guid(066068ed4ab9be64a92ac6f2918a301e) Importer(815301076,1909f56bfc062723c751e8b465ee728b)
Start importing Assets/Sound Effects/SensorPing.mp3 using Guid(066068ed4ab9be64a92ac6f2918a301e) Importer(815301076,1909f56bfc062723c751e8b465ee728b)  -> (artifact id: '478cbb6df37264d851a11c4f80e59102') in 0.017719 seconds 
  Import took 0.020848 seconds .

========================================================================
Received Import Request.
  Time since last request: 0.000221 seconds.
  path: Assets/Prefabs/PlayerTorpedoExplosionEffect.prefab
  artifactKey: Guid(8e36c33571f07b749ac6a8911bb65b09) Importer(815301076,1909f56bfc062723c751e8b465ee728b)
Start importing Assets/Prefabs/PlayerTorpedoExplosionEffect.prefab using Guid(8e36c33571f07b749ac6a8911bb65b09) Importer(815301076,1909f56bfc062723c751e8b465ee728b)  -> (artifact id: 'e215ee8973a23fc98f4324d90fb11508') in 0.017335 seconds 
  Import took 0.020887 seconds .

========================================================================
Received Import Request.
  Time since last request: 0.000218 seconds.
  path: Assets/Sprites/SensorModule.png
  artifactKey: Guid(d875af1bc898e4b4d92c3b75b4d3b148) Importer(815301076,1909f56bfc062723c751e8b465ee728b)
Start importing Assets/Sprites/SensorModule.png using Guid(d875af1bc898e4b4d92c3b75b4d3b148) Importer(815301076,1909f56bfc062723c751e8b465ee728b)  -> (artifact id: 'f3b4511ff4c5f53d41ef1eaa46456349') in 0.022692 seconds 
  Import took 0.025354 seconds .

========================================================================
Received Import Request.
  Time since last request: 0.000201 seconds.
  path: Assets/Prefabs/PlayerTorpedo.prefab
  artifactKey: Guid(d5344f855a0e1d74bab60b70e756b160) Importer(815301076,1909f56bfc062723c751e8b465ee728b)
Start importing Assets/Prefabs/PlayerTorpedo.prefab using Guid(d5344f855a0e1d74bab60b70e756b160) Importer(815301076,1909f56bfc062723c751e8b465ee728b)  -> (artifact id: 'ee6da540b193790f266683714d0068f5') in 0.025742 seconds 
  Import took 0.028866 seconds .

========================================================================
Received Import Request.
  Time since last request: 0.000200 seconds.
  path: Assets/Prefabs/AndronicusIcon.prefab
  artifactKey: Guid(9df012f69f759904bb6919ed821035dc) Importer(815301076,1909f56bfc062723c751e8b465ee728b)
Start importing Assets/Prefabs/AndronicusIcon.prefab using Guid(9df012f69f759904bb6919ed821035dc) Importer(815301076,1909f56bfc062723c751e8b465ee728b)  -> (artifact id: '893f167ee5b3d37d89c4b2f39ab0a270') in 0.028714 seconds 
  Import took 0.032277 seconds .

========================================================================
Received Import Request.
  Time since last request: 0.000225 seconds.
  path: Assets/Sprites/CWRCSSprite.png
  artifactKey: Guid(90adf438d96c55740935e91e7b290c50) Importer(815301076,1909f56bfc062723c751e8b465ee728b)
Start importing Assets/Sprites/CWRCSSprite.png using Guid(90adf438d96c55740935e91e7b290c50) Importer(815301076,1909f56bfc062723c751e8b465ee728b)  -> (artifact id: '755b5d4883d5222826fd33d6fb8fa77e') in 0.018577 seconds 
  Import took 0.021683 seconds .

========================================================================
Received Import Request.
  Time since last request: 0.000240 seconds.
  path: Assets/Sprites/Leonidas.png
  artifactKey: Guid(10a4cc62fb6249b48b6613677019fbaf) Importer(815301076,1909f56bfc062723c751e8b465ee728b)
Start importing Assets/Sprites/Leonidas.png using Guid(10a4cc62fb6249b48b6613677019fbaf) Importer(815301076,1909f56bfc062723c751e8b465ee728b)  -> (artifact id: '33a94fa4c497a468530d43b3f86ce9a8') in 0.197766 seconds 
  Import took 0.201009 seconds .

========================================================================
Received Import Request.
  Time since last request: 0.000276 seconds.
  path: Assets/Prefabs/HostileLeonidasShip.prefab
  artifactKey: Guid(40a0ffc4d7f04c14ba6639b4b42cc53c) Importer(815301076,1909f56bfc062723c751e8b465ee728b)
Start importing Assets/Prefabs/HostileLeonidasShip.prefab using Guid(40a0ffc4d7f04c14ba6639b4b42cc53c) Importer(815301076,1909f56bfc062723c751e8b465ee728b)  -> (artifact id: '2819cd26e31fa81ed51963704ae5d78b') in 0.060179 seconds 
  Import took 0.064280 seconds .

========================================================================
Received Import Request.
  Time since last request: 0.000202 seconds.
  path: Assets/Sprites/Mulan.png
  artifactKey: Guid(9f7ac4cc2fc53794e83ef7c01dcbab1f) Importer(815301076,1909f56bfc062723c751e8b465ee728b)
Start importing Assets/Sprites/Mulan.png using Guid(9f7ac4cc2fc53794e83ef7c01dcbab1f) Importer(815301076,1909f56bfc062723c751e8b465ee728b)  -> (artifact id: 'b146d31c813ef5eec009c054cd653e2f') in 0.025215 seconds 
  Import took 0.028042 seconds .

========================================================================
Received Import Request.
  Time since last request: 0.000205 seconds.
  path: Assets/Prefabs/HostileDonnagerShip.prefab
  artifactKey: Guid(5ec150c0f2a5a1b4ebd0152367f1ff8a) Importer(815301076,1909f56bfc062723c751e8b465ee728b)
Start importing Assets/Prefabs/HostileDonnagerShip.prefab using Guid(5ec150c0f2a5a1b4ebd0152367f1ff8a) Importer(815301076,1909f56bfc062723c751e8b465ee728b)  -> (artifact id: '99a47569970ff4f571711c5ec3d1662a') in 0.039424 seconds 
  Import took 0.043838 seconds .

========================================================================
Received Import Request.
  Time since last request: 0.000416 seconds.
  path: Assets/Prefabs/AITorpedoExplosionEffect.prefab
  artifactKey: Guid(ef03a7e272d22634f9dbd3ada2fa3c97) Importer(815301076,1909f56bfc062723c751e8b465ee728b)
Start importing Assets/Prefabs/AITorpedoExplosionEffect.prefab using Guid(ef03a7e272d22634f9dbd3ada2fa3c97) Importer(815301076,1909f56bfc062723c751e8b465ee728b)  -> (artifact id: '5512f3fe393dc07b57f35588c1c15e51') in 0.016152 seconds 
  Import took 0.019552 seconds .

========================================================================
Received Import Request.
  Time since last request: 0.000223 seconds.
  path: Assets/Sprites/ship3.png
  artifactKey: Guid(dadea748b5d18b046a3067fd1778ff9d) Importer(815301076,1909f56bfc062723c751e8b465ee728b)
Start importing Assets/Sprites/ship3.png using Guid(dadea748b5d18b046a3067fd1778ff9d) Importer(815301076,1909f56bfc062723c751e8b465ee728b)  -> (artifact id: 'a539c639ee93f25c4ea97f5cd0f4d3ce') in 0.018741 seconds 
  Import took 0.021745 seconds .

========================================================================
Received Import Request.
  Time since last request: 0.000212 seconds.
  path: Assets/Sprites/ship7.png
  artifactKey: Guid(5902d7003da831f4fbdb9614321f351a) Importer(815301076,1909f56bfc062723c751e8b465ee728b)
Start importing Assets/Sprites/ship7.png using Guid(5902d7003da831f4fbdb9614321f351a) Importer(815301076,1909f56bfc062723c751e8b465ee728b)  -> (artifact id: 'f1520fdd413bd2a747ae1643888a895c') in 0.020878 seconds 
  Import took 0.024212 seconds .

========================================================================
Received Import Request.
  Time since last request: 0.000403 seconds.
  path: Assets/Prefabs/SiroccoExplosion.prefab
  artifactKey: Guid(98dd8678d690125498929f2559b9041d) Importer(815301076,1909f56bfc062723c751e8b465ee728b)
Start importing Assets/Prefabs/SiroccoExplosion.prefab using Guid(98dd8678d690125498929f2559b9041d) Importer(815301076,1909f56bfc062723c751e8b465ee728b)  -> (artifact id: '64dd4a5231cc35355765f0e346ea99f6') in 0.016697 seconds 
  Import took 0.020378 seconds .

========================================================================
Received Import Request.
  Time since last request: 0.000350 seconds.
  path: Assets/Sprites/g1005.png
  artifactKey: Guid(896bd1ac26911224f8280fb9cbb8eed9) Importer(815301076,1909f56bfc062723c751e8b465ee728b)
Start importing Assets/Sprites/g1005.png using Guid(896bd1ac26911224f8280fb9cbb8eed9) Importer(815301076,1909f56bfc062723c751e8b465ee728b)  -> (artifact id: '95ae9ddb3e9ac2a19df8fc6f48fc70af') in 0.019492 seconds 
  Import took 0.022819 seconds .

========================================================================
Received Import Request.
  Time since last request: 0.000263 seconds.
  path: Assets/Prefabs/LeonitasIcon.prefab
  artifactKey: Guid(e859b6d509709bd4b8ae02b1947c00a9) Importer(815301076,1909f56bfc062723c751e8b465ee728b)
Start importing Assets/Prefabs/LeonitasIcon.prefab using Guid(e859b6d509709bd4b8ae02b1947c00a9) Importer(815301076,1909f56bfc062723c751e8b465ee728b)  -> (artifact id: '5042d17878e6ef063000a145b2b8ef52') in 0.049921 seconds 
  Import took 0.054115 seconds .

========================================================================
Received Import Request.
  Time since last request: 0.000262 seconds.
  path: Assets/Prefabs/ShipExplosion.prefab
  artifactKey: Guid(9022d17955fcf6242abd6eb82ece0c00) Importer(815301076,1909f56bfc062723c751e8b465ee728b)
Start importing Assets/Prefabs/ShipExplosion.prefab using Guid(9022d17955fcf6242abd6eb82ece0c00) Importer(815301076,1909f56bfc062723c751e8b465ee728b)  -> (artifact id: 'e373f5c0601d3270bd954f317720d372') in 0.073647 seconds 
  Import took 0.077414 seconds .

========================================================================
Received Import Request.
  Time since last request: 0.000203 seconds.
  path: Assets/Prefabs/PointLight.prefab
  artifactKey: Guid(cd2f75eb06db0ec45bf6d83916fa5ef2) Importer(815301076,1909f56bfc062723c751e8b465ee728b)
Start importing Assets/Prefabs/PointLight.prefab using Guid(cd2f75eb06db0ec45bf6d83916fa5ef2) Importer(815301076,1909f56bfc062723c751e8b465ee728b)  -> (artifact id: 'e28d12ea994bc00e4759e73a6039dca5') in 0.009388 seconds 
  Import took 0.012089 seconds .

========================================================================
Received Import Request.
  Time since last request: 0.000225 seconds.
  path: Assets/Sprites/TORPEDO.png
  artifactKey: Guid(ba24c216c1ac9944eadb32af43ca370d) Importer(815301076,1909f56bfc062723c751e8b465ee728b)
Start importing Assets/Sprites/TORPEDO.png using Guid(ba24c216c1ac9944eadb32af43ca370d) Importer(815301076,1909f56bfc062723c751e8b465ee728b)  -> (artifact id: 'd56f8d09490f28476a2654564190631e') in 0.235802 seconds 
  Import took 0.238709 seconds .

========================================================================
Received Import Request.
  Time since last request: 0.000260 seconds.
  path: Assets/Sound Effects/TorpedoExplosion.mp3
  artifactKey: Guid(59a891f6735516340883a34a56a08612) Importer(815301076,1909f56bfc062723c751e8b465ee728b)
Start importing Assets/Sound Effects/TorpedoExplosion.mp3 using Guid(59a891f6735516340883a34a56a08612) Importer(815301076,1909f56bfc062723c751e8b465ee728b)  -> (artifact id: '4519049b0132179bc20558cc35733b22') in 0.112211 seconds 
  Import took 0.114946 seconds .

========================================================================
Received Import Request.
  Time since last request: 0.000259 seconds.
  path: Assets/Prefabs/UIManager.prefab
  artifactKey: Guid(8c4f72a2ec49dce419357cff439dd961) Importer(815301076,1909f56bfc062723c751e8b465ee728b)
Start importing Assets/Prefabs/UIManager.prefab using Guid(8c4f72a2ec49dce419357cff439dd961) Importer(815301076,1909f56bfc062723c751e8b465ee728b)  -> (artifact id: '26567cf8ada045d9f2fe96cbb6a6989c') in 0.011029 seconds 
  Import took 0.013818 seconds .

========================================================================
Received Prepare
Registering precompiled user dll's ...
Registered in 0.006253 seconds.
Begin MonoManager ReloadAssembly
Native extension for WindowsStandalone target not found
Native extension for WebGL target not found
Refreshing native plugins compatible for Editor in 0.65 ms, found 2 plugins.
Preloading 0 native plugins for Editor in 0.00 ms.
Mono: successfully reloaded assembly
- Completed reload, in  1.199 seconds
Domain Reload Profiling:
	ReloadAssembly (1199ms)
		BeginReloadAssembly (134ms)
			ExecutionOrderSort (0ms)
			DisableScriptedObjects (8ms)
			BackupInstance (0ms)
			ReleaseScriptingObjects (0ms)
			CreateAndSetChildDomain (42ms)
		EndReloadAssembly (1005ms)
			LoadAssemblies (94ms)
			RebuildTransferFunctionScriptingTraits (0ms)
			SetupTypeCache (311ms)
			ReleaseScriptCaches (1ms)
			RebuildScriptCaches (56ms)
			SetupLoadedEditorAssemblies (455ms)
				LogAssemblyErrors (0ms)
				InitializePlatformSupportModulesInManaged (5ms)
				SetLoadedEditorAssemblies (0ms)
				RefreshPlugins (1ms)
				BeforeProcessingInitializeOnLoad (92ms)
				ProcessInitializeOnLoadAttributes (324ms)
				ProcessInitializeOnLoadMethodAttributes (31ms)
				AfterProcessingInitializeOnLoad (2ms)
				EditorAssembliesLoaded (0ms)
			ExecutionOrderSort2 (0ms)
			AwakeInstancesAfterBackupRestoration (6ms)
Platform modules already initialized, skipping
Refreshing native plugins compatible for Editor in 1.00 ms, found 2 plugins.
Preloading 0 native plugins for Editor in 0.00 ms.
Unloading 1968 Unused Serialized files (Serialized files now loaded: 0)
System memory in use before: 84.6 MB.
System memory in use after: 84.7 MB.

Unloading 53 unused Assets to reduce memory usage. Loaded Objects now: 2458.
Total: 5.457500 ms (FindLiveObjects: 0.208100 ms CreateObjectMapping: 0.081900 ms MarkObjects: 5.088200 ms  DeleteObjects: 0.077500 ms)

AssetImportParameters requested are different than current active one (requested -> active):
  custom:framework-win-MediaFoundation: 216162199b28c13a410421893ffa2e32 -> 
  custom:video-decoder-ogg-theora: a1e56fd34408186e4bbccfd4996cb3dc -> 
  custom:container-muxer-webm: aa71ff27fc2769a1b78a27578f13a17b -> 
  custom:container-demuxer-webm: 4f35f7cbe854078d1ac9338744f61a02 -> 
  custom:container-demuxer-ogg: 62fdf1f143b41e24485cea50d1cbac27 -> 
  custom:video-encoder-webm-vp8: eb34c28f22e8b96e1ab97ce403110664 -> 
  custom:video-codec-MediaFoundation-h265: 746d11721c4dcdbdad8f713fa42b33f4 -> 
  custom:video-decoder-webm-vp8: 9c59270c3fd7afecdb556c50c9e8de78 -> 
  custom:audio-decoder-ogg-vorbis: bf7c407c2cedff20999df2af8eb42d56 -> 
  custom:audio-encoder-webm-vorbis: bf7c407c2cedff20999df2af8eb42d56 -> 
========================================================================
Received Prepare
Registering precompiled user dll's ...
Registered in 0.005681 seconds.
Begin MonoManager ReloadAssembly
Native extension for WindowsStandalone target not found
Native extension for WebGL target not found
Refreshing native plugins compatible for Editor in 0.61 ms, found 2 plugins.
Preloading 0 native plugins for Editor in 0.00 ms.
Mono: successfully reloaded assembly
- Completed reload, in  1.098 seconds
Domain Reload Profiling:
	ReloadAssembly (1098ms)
		BeginReloadAssembly (102ms)
			ExecutionOrderSort (0ms)
			DisableScriptedObjects (5ms)
			BackupInstance (0ms)
			ReleaseScriptingObjects (0ms)
			CreateAndSetChildDomain (33ms)
		EndReloadAssembly (945ms)
			LoadAssemblies (83ms)
			RebuildTransferFunctionScriptingTraits (0ms)
			SetupTypeCache (253ms)
			ReleaseScriptCaches (1ms)
			RebuildScriptCaches (51ms)
			SetupLoadedEditorAssemblies (447ms)
				LogAssemblyErrors (0ms)
				InitializePlatformSupportModulesInManaged (5ms)
				SetLoadedEditorAssemblies (0ms)
				RefreshPlugins (1ms)
				BeforeProcessingInitializeOnLoad (101ms)
				ProcessInitializeOnLoadAttributes (307ms)
				ProcessInitializeOnLoadMethodAttributes (31ms)
				AfterProcessingInitializeOnLoad (2ms)
				EditorAssembliesLoaded (0ms)
			ExecutionOrderSort2 (0ms)
			AwakeInstancesAfterBackupRestoration (6ms)
Platform modules already initialized, skipping
Refreshing native plugins compatible for Editor in 0.67 ms, found 2 plugins.
Preloading 0 native plugins for Editor in 0.00 ms.
Unloading 1968 Unused Serialized files (Serialized files now loaded: 0)
System memory in use before: 84.6 MB.
System memory in use after: 84.7 MB.

Unloading 49 unused Assets to reduce memory usage. Loaded Objects now: 2461.
Total: 5.429700 ms (FindLiveObjects: 0.228400 ms CreateObjectMapping: 0.096100 ms MarkObjects: 5.065100 ms  DeleteObjects: 0.038600 ms)

AssetImportParameters requested are different than current active one (requested -> active):
  custom:framework-win-MediaFoundation: 216162199b28c13a410421893ffa2e32 -> 
  custom:video-decoder-ogg-theora: a1e56fd34408186e4bbccfd4996cb3dc -> 
  custom:container-muxer-webm: aa71ff27fc2769a1b78a27578f13a17b -> 
  custom:container-demuxer-webm: 4f35f7cbe854078d1ac9338744f61a02 -> 
  custom:container-demuxer-ogg: 62fdf1f143b41e24485cea50d1cbac27 -> 
  custom:video-encoder-webm-vp8: eb34c28f22e8b96e1ab97ce403110664 -> 
  custom:video-codec-MediaFoundation-h265: 746d11721c4dcdbdad8f713fa42b33f4 -> 
  custom:video-decoder-webm-vp8: 9c59270c3fd7afecdb556c50c9e8de78 -> 
  custom:audio-decoder-ogg-vorbis: bf7c407c2cedff20999df2af8eb42d56 -> 
  custom:audio-encoder-webm-vorbis: bf7c407c2cedff20999df2af8eb42d56 -> 
========================================================================
Received Prepare
Registering precompiled user dll's ...
Registered in 0.006123 seconds.
Begin MonoManager ReloadAssembly
Native extension for WindowsStandalone target not found
Native extension for WebGL target not found
Refreshing native plugins compatible for Editor in 0.64 ms, found 2 plugins.
Preloading 0 native plugins for Editor in 0.00 ms.
Mono: successfully reloaded assembly
- Completed reload, in  1.086 seconds
Domain Reload Profiling:
	ReloadAssembly (1086ms)
		BeginReloadAssembly (102ms)
			ExecutionOrderSort (0ms)
			DisableScriptedObjects (5ms)
			BackupInstance (0ms)
			ReleaseScriptingObjects (0ms)
			CreateAndSetChildDomain (31ms)
		EndReloadAssembly (936ms)
			LoadAssemblies (92ms)
			RebuildTransferFunctionScriptingTraits (0ms)
			SetupTypeCache (255ms)
			ReleaseScriptCaches (2ms)
			RebuildScriptCaches (47ms)
			SetupLoadedEditorAssemblies (434ms)
				LogAssemblyErrors (0ms)
				InitializePlatformSupportModulesInManaged (5ms)
				SetLoadedEditorAssemblies (0ms)
				RefreshPlugins (1ms)
				BeforeProcessingInitializeOnLoad (93ms)
				ProcessInitializeOnLoadAttributes (290ms)
				ProcessInitializeOnLoadMethodAttributes (42ms)
				AfterProcessingInitializeOnLoad (3ms)
				EditorAssembliesLoaded (0ms)
			ExecutionOrderSort2 (0ms)
			AwakeInstancesAfterBackupRestoration (9ms)
Platform modules already initialized, skipping
Refreshing native plugins compatible for Editor in 0.66 ms, found 2 plugins.
Preloading 0 native plugins for Editor in 0.00 ms.
Unloading 1968 Unused Serialized files (Serialized files now loaded: 0)
System memory in use before: 84.6 MB.
System memory in use after: 84.7 MB.

Unloading 49 unused Assets to reduce memory usage. Loaded Objects now: 2464.
Total: 5.883300 ms (FindLiveObjects: 0.264700 ms CreateObjectMapping: 0.090600 ms MarkObjects: 5.482100 ms  DeleteObjects: 0.043800 ms)

AssetImportParameters requested are different than current active one (requested -> active):
  custom:framework-win-MediaFoundation: 216162199b28c13a410421893ffa2e32 -> 
  custom:video-decoder-ogg-theora: a1e56fd34408186e4bbccfd4996cb3dc -> 
  custom:container-muxer-webm: aa71ff27fc2769a1b78a27578f13a17b -> 
  custom:container-demuxer-webm: 4f35f7cbe854078d1ac9338744f61a02 -> 
  custom:container-demuxer-ogg: 62fdf1f143b41e24485cea50d1cbac27 -> 
  custom:video-encoder-webm-vp8: eb34c28f22e8b96e1ab97ce403110664 -> 
  custom:video-codec-MediaFoundation-h265: 746d11721c4dcdbdad8f713fa42b33f4 -> 
  custom:video-decoder-webm-vp8: 9c59270c3fd7afecdb556c50c9e8de78 -> 
  custom:audio-decoder-ogg-vorbis: bf7c407c2cedff20999df2af8eb42d56 -> 
  custom:audio-encoder-webm-vorbis: bf7c407c2cedff20999df2af8eb42d56 -> 
========================================================================
Received Prepare
Registering precompiled user dll's ...
Registered in 0.836780 seconds.
Begin MonoManager ReloadAssembly
Native extension for WindowsStandalone target not found
Native extension for WebGL target not found
Refreshing native plugins compatible for Editor in 0.61 ms, found 2 plugins.
Preloading 0 native plugins for Editor in 0.00 ms.
Mono: successfully reloaded assembly
- Completed reload, in  2.835 seconds
Domain Reload Profiling:
	ReloadAssembly (2836ms)
		BeginReloadAssembly (153ms)
			ExecutionOrderSort (0ms)
			DisableScriptedObjects (5ms)
			BackupInstance (0ms)
			ReleaseScriptingObjects (0ms)
			CreateAndSetChildDomain (31ms)
		EndReloadAssembly (2633ms)
			LoadAssemblies (1857ms)
			RebuildTransferFunctionScriptingTraits (0ms)
			SetupTypeCache (255ms)
			ReleaseScriptCaches (1ms)
			RebuildScriptCaches (41ms)
			SetupLoadedEditorAssemblies (400ms)
				LogAssemblyErrors (0ms)
				InitializePlatformSupportModulesInManaged (6ms)
				SetLoadedEditorAssemblies (0ms)
				RefreshPlugins (1ms)
				BeforeProcessingInitializeOnLoad (82ms)
				ProcessInitializeOnLoadAttributes (278ms)
				ProcessInitializeOnLoadMethodAttributes (30ms)
				AfterProcessingInitializeOnLoad (2ms)
				EditorAssembliesLoaded (0ms)
			ExecutionOrderSort2 (0ms)
			AwakeInstancesAfterBackupRestoration (6ms)
Platform modules already initialized, skipping
Refreshing native plugins compatible for Editor in 0.70 ms, found 2 plugins.
Preloading 0 native plugins for Editor in 0.00 ms.
Unloading 1968 Unused Serialized files (Serialized files now loaded: 0)
System memory in use before: 84.6 MB.
System memory in use after: 84.8 MB.

Unloading 49 unused Assets to reduce memory usage. Loaded Objects now: 2467.
Total: 6.930900 ms (FindLiveObjects: 0.278200 ms CreateObjectMapping: 0.106700 ms MarkObjects: 6.504000 ms  DeleteObjects: 0.040000 ms)

AssetImportParameters requested are different than current active one (requested -> active):
  custom:framework-win-MediaFoundation: 216162199b28c13a410421893ffa2e32 -> 
  custom:video-decoder-ogg-theora: a1e56fd34408186e4bbccfd4996cb3dc -> 
  custom:container-muxer-webm: aa71ff27fc2769a1b78a27578f13a17b -> 
  custom:container-demuxer-webm: 4f35f7cbe854078d1ac9338744f61a02 -> 
  custom:container-demuxer-ogg: 62fdf1f143b41e24485cea50d1cbac27 -> 
  custom:video-encoder-webm-vp8: eb34c28f22e8b96e1ab97ce403110664 -> 
  custom:video-codec-MediaFoundation-h265: 746d11721c4dcdbdad8f713fa42b33f4 -> 
  custom:video-decoder-webm-vp8: 9c59270c3fd7afecdb556c50c9e8de78 -> 
  custom:audio-decoder-ogg-vorbis: bf7c407c2cedff20999df2af8eb42d56 -> 
  custom:audio-encoder-webm-vorbis: bf7c407c2cedff20999df2af8eb42d56 -> 
AssetImportWorkerClient::OnTransportError - code=2 error=End of file
